Sep-23 16:43:14.482 [main] DEBUG nextflow.cli.Launcher - $> nextflow run bwa_mem.nf
Sep-23 16:43:15.110 [main] INFO  nextflow.cli.CmdRun - N E X T F L O W  ~  version 22.04.5
Sep-23 16:43:15.547 [main] DEBUG nextflow.cli.CmdRun - Applied DSL=2 from script declararion
Sep-23 16:43:15.608 [main] INFO  nextflow.cli.CmdRun - Launching `bwa_mem.nf` [nauseous_wright] DSL2 - revision: 7141ee2463
Sep-23 16:43:15.655 [main] DEBUG nextflow.plugin.PluginsFacade - Setting up plugin manager > mode=prod; plugins-dir=/root/.nextflow/plugins; core-plugins: nf-amazon@1.7.2,nf-azure@0.13.2,nf-console@1.0.3,nf-ga4gh@1.0.3,nf-google@1.1.4,nf-sqldb@0.4.0,nf-tower@1.4.0
Sep-23 16:43:15.665 [main] DEBUG nextflow.plugin.PluginsFacade - Plugins default=[]
Sep-23 16:43:15.851 [main] INFO  org.pf4j.DefaultPluginStatusProvider - Enabled plugins: []
Sep-23 16:43:15.910 [main] INFO  org.pf4j.DefaultPluginStatusProvider - Disabled plugins: []
Sep-23 16:43:15.943 [main] INFO  org.pf4j.DefaultPluginManager - PF4J version 3.4.1 in 'deployment' mode
Sep-23 16:43:16.023 [main] INFO  org.pf4j.AbstractPluginManager - No plugins
Sep-23 16:43:16.316 [main] DEBUG nextflow.Session - Session uuid: 4b47eb78-e2fd-4231-84f6-b0b582a1c15f
Sep-23 16:43:16.318 [main] DEBUG nextflow.Session - Run name: nauseous_wright
Sep-23 16:43:16.328 [main] DEBUG nextflow.Session - Executor pool size: 4
Sep-23 16:43:16.449 [main] DEBUG nextflow.cli.CmdRun - 
  Version: 22.04.5 build 5708
  Created: 15-07-2022 16:09 UTC (18:09 CEST)
  System: Linux 5.10.16.3-microsoft-standard-WSL2
  Runtime: Groovy 3.0.10 on OpenJDK 64-Bit Server VM 11.0.16+8-post-Ubuntu-0ubuntu122.04
  Encoding: UTF-8 (UTF-8)
  Process: 4032@DESKTOP-448JM5P [127.0.1.1]
  CPUs: 4 - Mem: 6.1 GB (3.2 GB) - Swap: 2 GB (2 GB)
Sep-23 16:43:16.600 [main] DEBUG nextflow.Session - Work-dir: /mnt/c/Users/abc/Desktop/WGS/modules/work [v9fs]
Sep-23 16:43:16.606 [main] DEBUG nextflow.Session - Script base path does not exist or is not a directory: /mnt/c/Users/abc/Desktop/WGS/modules/bin
Sep-23 16:43:16.648 [main] DEBUG nextflow.executor.ExecutorFactory - Extension executors providers=[]
Sep-23 16:43:16.736 [main] DEBUG nextflow.Session - Observer factory: DefaultObserverFactory
Sep-23 16:43:16.908 [main] DEBUG nextflow.cache.CacheFactory - Using Nextflow cache factory: nextflow.cache.DefaultCacheFactory
Sep-23 16:43:16.982 [main] DEBUG nextflow.util.CustomThreadPool - Creating default thread pool > poolSize: 5; maxThreads: 1000
Sep-23 16:43:17.962 [main] DEBUG nextflow.Session - Session start invoked
Sep-23 16:43:20.904 [main] DEBUG nextflow.script.ScriptRunner - > Launching execution
Sep-23 16:43:21.397 [main] DEBUG nextflow.executor.ExecutorFactory - << taskConfig executor: null
Sep-23 16:43:21.398 [main] DEBUG nextflow.executor.ExecutorFactory - >> processorType: 'local'
Sep-23 16:43:21.432 [main] DEBUG nextflow.executor.Executor - [warm up] executor > local
Sep-23 16:43:21.466 [main] DEBUG n.processor.LocalPollingMonitor - Creating local task monitor for executor 'local' > cpus=4; memory=6.1 GB; capacity=4; pollInterval=100ms; dumpInterval=5m
Sep-23 16:43:21.915 [main] DEBUG nextflow.Session - Workflow process names [dsl2]: BWA_MEM
Sep-23 16:43:21.924 [main] DEBUG nextflow.Session - Ignite dataflow network (3)
Sep-23 16:43:21.953 [main] DEBUG nextflow.processor.TaskProcessor - Starting process > BWA_MEM
Sep-23 16:43:21.964 [main] DEBUG nextflow.script.ScriptRunner - > Await termination 
Sep-23 16:43:21.968 [main] DEBUG nextflow.Session - Session await
Sep-23 16:43:22.925 [Task submitter] DEBUG nextflow.executor.LocalTaskHandler - Launch cmd line: /bin/bash -ue .command.run
Sep-23 16:43:22.958 [Task submitter] INFO  nextflow.Session - [aa/01ac90] Submitted process > BWA_MEM (1)
Sep-23 16:43:24.608 [Task monitor] DEBUG n.processor.TaskPollingMonitor - Task completed > TaskHandler[id: 1; name: BWA_MEM (1); status: COMPLETED; exit: 0; error: -; workDir: /mnt/c/Users/abc/Desktop/WGS/modules/work/aa/01ac90384f200880b7743ffcf01a12]
Sep-23 16:43:24.853 [main] DEBUG nextflow.Session - Session await > all process finished
Sep-23 16:43:24.886 [main] DEBUG nextflow.Session - Session await > all barriers passed
Sep-23 16:43:24.963 [main] DEBUG nextflow.trace.WorkflowStatsObserver - Workflow completed > WorkflowStats[succeededCount=1; failedCount=0; ignoredCount=0; cachedCount=0; pendingCount=0; submittedCount=0; runningCount=0; retriesCount=0; abortedCount=0; succeedDuration=1.5s; failedDuration=0ms; cachedDuration=0ms;loadCpus=0; loadMemory=0; peakRunning=1; peakCpus=1; peakMemory=0; ]
Sep-23 16:43:25.335 [main] DEBUG nextflow.cache.CacheDB - Closing CacheDB done
Sep-23 16:43:25.432 [main] DEBUG nextflow.script.ScriptRunner - > Execution complete -- Goodbye
